<?xml version="1.0" encoding="UTF-8"?>
<!-- Generated by org.testng.reporters.JUnitXMLReporter -->
<testsuite hostname="DESKTOP-E8SDHBG" ignored="9" name="Default test" tests="1" failures="0" timestamp="2021-09-27T10:03:17 IST" time="36.211" errors="0">
  <testcase name="searching" time="32.058" classname="mavenproject.urbanladder.Runner"/>
  <testcase name="signinapp" time="0.0" classname="mavenproject.urbanladder.Runner">
    <ignored/>
  </testcase> <!-- signinapp -->
  <testcase name="getHelp" time="0.0" classname="mavenproject.urbanladder.Runner">
    <ignored/>
  </testcase> <!-- getHelp -->
  <testcase name="Trackorder" time="0.0" classname="mavenproject.urbanladder.Runner">
    <ignored/>
  </testcase> <!-- Trackorder -->
  <testcase name="MatressTest" time="0.0" classname="mavenproject.urbanladder.Runner">
    <ignored/>
  </testcase> <!-- MatressTest -->
  <testcase name="DiningTest" time="0.0" classname="mavenproject.urbanladder.Runner">
    <ignored/>
  </testcase> <!-- DiningTest -->
  <testcase name="gift" time="0.0" classname="mavenproject.urbanladder.Runner">
    <ignored/>
  </testcase> <!-- gift -->
  <testcase name="Bedroomtest" time="0.0" classname="mavenproject.urbanladder.Runner">
    <ignored/>
  </testcase> <!-- Bedroomtest -->
  <testcase name="signup" time="0.0" classname="mavenproject.urbanladder.Runner">
    <ignored/>
  </testcase> <!-- signup -->
  <testcase name="LivingTest" time="0.0" classname="mavenproject.urbanladder.Runner">
    <ignored/>
  </testcase> <!-- LivingTest -->
</testsuite> <!-- Default test -->
